<?xml version="1.0" encoding="UTF-8"?>
<!-- Generated by org.testng.reporters.JUnitReportReporter -->
<testsuite hostname="DESKTOP-JK8E9GV" failures="0" tests="1" name="RestAssuredTestCases.HTTPRequstes" time="4.196" errors="0" timestamp="2024-11-29T10:31:51 EET" skipped="0">
  <testcase classname="RestAssuredTestCases.HTTPRequstes" name="testWeatherApiResponse" time="4.196"/>
  <system-out/>
</testsuite> <!-- RestAssuredTestCases.HTTPRequstes -->
